<?xml version="1.0" encoding="utf-8"?><testsuites name="pytest tests"><testsuite name="pytest" errors="0" failures="0" skipped="0" tests="15" time="4.496" timestamp="2026-01-25T01:02:16.126412+00:00" hostname="agent-env-d3767691-a463-4dc4-9903-5f8d5dc8fd7e"><testcase classname="backend.tests.test_password_profile.TestForgotPassword" name="test_forgot_password_existing_user" time="0.630" /><testcase classname="backend.tests.test_password_profile.TestForgotPassword" name="test_forgot_password_nonexistent_user" time="0.042" /><testcase classname="backend.tests.test_password_profile.TestForgotPassword" name="test_forgot_password_invalid_email" time="0.037" /><testcase classname="backend.tests.test_password_profile.TestResetPassword" name="test_reset_password_invalid_token" time="0.039" /><testcase classname="backend.tests.test_password_profile.TestResetPassword" name="test_reset_password_short_password" time="0.040" /><testcase classname="backend.tests.test_password_profile.TestChangePassword" name="test_change_password_success" time="1.239" /><testcase classname="backend.tests.test_password_profile.TestChangePassword" name="test_change_password_wrong_current" time="0.516" /><testcase classname="backend.tests.test_password_profile.TestChangePassword" name="test_change_password_short_new_password" time="0.523" /><testcase classname="backend.tests.test_password_profile.TestChangePassword" name="test_change_password_no_auth" time="0.036" /><testcase classname="backend.tests.test_password_profile.TestProfileUpdate" name="test_update_profile_name" time="0.339" /><testcase classname="backend.tests.test_password_profile.TestProfileUpdate" name="test_update_profile_empty_name" time="0.292" /><testcase classname="backend.tests.test_password_profile.TestProfileUpdate" name="test_update_profile_no_auth" time="0.035" /><testcase classname="backend.tests.test_password_profile.TestDeleteAccount" name="test_delete_account_success" time="0.335" /><testcase classname="backend.tests.test_password_profile.TestDeleteAccount" name="test_delete_account_no_auth" time="0.034" /><testcase classname="backend.tests.test_password_profile.TestGetCurrentUser" name="test_get_current_user" time="0.299" /></testsuite></testsuites>