<?xml version="1.0" encoding="utf-8"?><testsuites name="pytest tests"><testsuite name="pytest" errors="0" failures="0" skipped="0" tests="15" time="0.779" timestamp="2026-01-24T19:00:25.066540+00:00" hostname="agent-env-01585993-3bb6-4701-8e36-c3e1c5fd365f"><testcase classname="backend.tests.test_dmv_ranges.TestHealthAndStats" name="test_stats_endpoint_returns_correct_counts" time="0.081" /><testcase classname="backend.tests.test_dmv_ranges.TestRangesEndpoint" name="test_get_ranges_returns_list" time="0.040" /><testcase classname="backend.tests.test_dmv_ranges.TestRangesEndpoint" name="test_range_has_required_fields" time="0.037" /><testcase classname="backend.tests.test_dmv_ranges.TestRangesEndpoint" name="test_filter_by_indoor" time="0.045" /><testcase classname="backend.tests.test_dmv_ranges.TestRangesEndpoint" name="test_filter_by_outdoor" time="0.037" /><testcase classname="backend.tests.test_dmv_ranges.TestRangesEndpoint" name="test_filter_by_handgun" time="0.045" /><testcase classname="backend.tests.test_dmv_ranges.TestRangesEndpoint" name="test_filter_by_rifle" time="0.039" /><testcase classname="backend.tests.test_dmv_ranges.TestRangesEndpoint" name="test_filter_by_instruction" time="0.048" /><testcase classname="backend.tests.test_dmv_ranges.TestRangesEndpoint" name="test_search_by_city" time="0.037" /><testcase classname="backend.tests.test_dmv_ranges.TestRangesEndpoint" name="test_search_by_zip_code" time="0.041" /><testcase classname="backend.tests.test_dmv_ranges.TestSingleRangeEndpoint" name="test_get_single_range_by_id" time="0.065" /><testcase classname="backend.tests.test_dmv_ranges.TestSingleRangeEndpoint" name="test_get_nonexistent_range_returns_404" time="0.036" /><testcase classname="backend.tests.test_dmv_ranges.TestStatesEndpoint" name="test_get_states_returns_list" time="0.035" /><testcase classname="backend.tests.test_dmv_ranges.TestDataIntegrity" name="test_all_ranges_have_valid_state" time="0.041" /><testcase classname="backend.tests.test_dmv_ranges.TestDataIntegrity" name="test_ranges_have_contact_info" time="0.040" /></testsuite></testsuites>