<?xml version="1.0" encoding="utf-8"?><testsuites name="pytest tests"><testsuite name="pytest" errors="0" failures="1" skipped="0" tests="20" time="1.019" timestamp="2026-01-24T19:19:29.933231+00:00" hostname="agent-env-01585993-3bb6-4701-8e36-c3e1c5fd365f"><testcase classname="backend.tests.test_dmv_ranges.TestHealthAndStats" name="test_stats_endpoint_returns_correct_counts" time="0.059" /><testcase classname="backend.tests.test_dmv_ranges.TestRangesEndpoint" name="test_get_ranges_returns_list" time="0.045" /><testcase classname="backend.tests.test_dmv_ranges.TestRangesEndpoint" name="test_range_has_required_fields" time="0.038" /><testcase classname="backend.tests.test_dmv_ranges.TestRangesEndpoint" name="test_filter_by_indoor" time="0.042" /><testcase classname="backend.tests.test_dmv_ranges.TestRangesEndpoint" name="test_filter_by_outdoor" time="0.046" /><testcase classname="backend.tests.test_dmv_ranges.TestRangesEndpoint" name="test_filter_by_handgun" time="0.039" /><testcase classname="backend.tests.test_dmv_ranges.TestRangesEndpoint" name="test_filter_by_rifle" time="0.044" /><testcase classname="backend.tests.test_dmv_ranges.TestRangesEndpoint" name="test_filter_by_instruction" time="0.047" /><testcase classname="backend.tests.test_dmv_ranges.TestRangesEndpoint" name="test_search_by_city" time="0.034" /><testcase classname="backend.tests.test_dmv_ranges.TestRangesEndpoint" name="test_search_by_zip_code" time="0.033" /><testcase classname="backend.tests.test_dmv_ranges.TestSingleRangeEndpoint" name="test_get_single_range_by_id" time="0.073" /><testcase classname="backend.tests.test_dmv_ranges.TestSingleRangeEndpoint" name="test_get_nonexistent_range_returns_404" time="0.031" /><testcase classname="backend.tests.test_dmv_ranges.TestStatesEndpoint" name="test_get_states_returns_list" time="0.032" /><testcase classname="backend.tests.test_dmv_ranges.TestDataIntegrity" name="test_all_ranges_have_valid_state" time="0.046" /><testcase classname="backend.tests.test_dmv_ranges.TestDataIntegrity" name="test_ranges_have_contact_info" time="0.037" /><testcase classname="backend.tests.test_dmv_ranges.TestRangeSubmission" name="test_submit_range_success" time="0.033" /><testcase classname="backend.tests.test_dmv_ranges.TestRangeSubmission" name="test_submit_range_minimal_data" time="0.035" /><testcase classname="backend.tests.test_dmv_ranges.TestRangeSubmission" name="test_submit_range_missing_required_field" time="0.032" /><testcase classname="backend.tests.test_dmv_ranges.TestRangeSubmission" name="test_submit_range_all_states" time="0.139" /><testcase classname="backend.tests.test_dmv_ranges.TestMapCoordinates" name="test_ranges_have_coordinates" time="0.035"><failure message="AssertionError: Longitude -81.0869747 out of range for BangSteel Long Range Rifle School&#10;assert -81.0 &lt; -81.0869747">backend/tests/test_dmv_ranges.py:305: in test_ranges_have_coordinates
    assert -81.0 &lt; lng &lt; -74.0, f"Longitude {lng} out of range for {range_item['name']}"
E   AssertionError: Longitude -81.0869747 out of range for BangSteel Long Range Rifle School
E   assert -81.0 &lt; -81.0869747</failure></testcase></testsuite></testsuites>