<?xml version="1.0" encoding="utf-8"?><testsuites name="pytest tests"><testsuite name="pytest" errors="0" failures="0" skipped="0" tests="20" time="3.758" timestamp="2026-01-25T00:01:17.171208+00:00" hostname="agent-env-d3767691-a463-4dc4-9903-5f8d5dc8fd7e"><testcase classname="backend.tests.test_user_auth.TestUserRegistration" name="test_register_new_user_success" time="0.285" /><testcase classname="backend.tests.test_user_auth.TestUserRegistration" name="test_register_duplicate_email_fails" time="0.036" /><testcase classname="backend.tests.test_user_auth.TestUserRegistration" name="test_register_short_password_fails" time="0.040" /><testcase classname="backend.tests.test_user_auth.TestUserRegistration" name="test_register_invalid_email_fails" time="0.038" /><testcase classname="backend.tests.test_user_auth.TestUserLogin" name="test_login_success" time="0.256" /><testcase classname="backend.tests.test_user_auth.TestUserLogin" name="test_login_wrong_password_fails" time="0.258" /><testcase classname="backend.tests.test_user_auth.TestUserLogin" name="test_login_nonexistent_user_fails" time="0.038" /><testcase classname="backend.tests.test_user_auth.TestUserLogin" name="test_login_case_insensitive_email" time="0.255" /><testcase classname="backend.tests.test_user_auth.TestAuthMe" name="test_get_current_user_success" time="0.296" /><testcase classname="backend.tests.test_user_auth.TestAuthMe" name="test_get_current_user_no_token_fails" time="0.035" /><testcase classname="backend.tests.test_user_auth.TestAuthMe" name="test_get_current_user_invalid_token_fails" time="0.039" /><testcase classname="backend.tests.test_user_auth.TestFavorites" name="test_add_favorite_success" time="0.334" /><testcase classname="backend.tests.test_user_auth.TestFavorites" name="test_add_favorite_no_auth_fails" time="0.069" /><testcase classname="backend.tests.test_user_auth.TestFavorites" name="test_add_favorite_nonexistent_range_fails" time="0.296" /><testcase classname="backend.tests.test_user_auth.TestFavorites" name="test_get_favorites_success" time="0.359" /><testcase classname="backend.tests.test_user_auth.TestFavorites" name="test_get_favorites_no_auth_fails" time="0.034" /><testcase classname="backend.tests.test_user_auth.TestFavorites" name="test_remove_favorite_success" time="0.415" /><testcase classname="backend.tests.test_user_auth.TestFavorites" name="test_remove_favorite_no_auth_fails" time="0.068" /><testcase classname="backend.tests.test_user_auth.TestFavorites" name="test_check_favorite_status" time="0.423" /><testcase classname="backend.tests.test_user_auth.TestGoogleOAuthCallback" name="test_google_callback_invalid_session_fails" time="0.127" /></testsuite></testsuites>